2019-02-02 17:02:34,530 - INFO - /home/dwayne/Desktop/Workspace/PhantomDBM/scripts/hello_world.json loaded.
2019-02-02 17:08:18,671 - INFO - Program Started.
2019-02-02 17:08:20,616 - INFO - Successfully Logged In.
2019-02-02 17:08:39,284 - INFO - hello_world.json loaded.
2019-02-02 17:09:52,063 - INFO - Program Started.
2019-02-02 17:09:53,719 - INFO - Successfully Logged In.
2019-02-02 17:10:00,314 - INFO - Program Ended
2019-02-03 09:50:06,680 - INFO - Program Started.
2019-02-03 09:50:08,229 - INFO - Successfully Logged In.
2019-02-03 09:50:29,010 - INFO - hello_world.json loaded.
2019-02-03 09:50:31,341 - INFO - Checking Database Connection...
2019-02-03 09:50:31,345 - INFO - Connected to Database.
2019-02-03 09:50:31,345 - INFO - Running JSON Script...
2019-02-03 09:50:32,401 - INFO - Sending Objects to Database... 1/2
2019-02-03 09:50:33,403 - INFO - Sending Objects to Database... 2/2
2019-02-03 09:50:34,403 - INFO - 140436958074624: Run Complete.
2019-02-03 09:50:34,403 - INFO - 140436958074624: Run Complete.
2019-02-03 09:50:50,682 - INFO - Program Ended
2019-02-03 10:58:28,264 - INFO - Program Started.
2019-02-03 10:58:29,985 - INFO - Successfully Logged In.
2019-02-03 10:59:22,891 - INFO - Program Started.
2019-02-03 10:59:24,072 - INFO - Successfully Logged In.
2019-02-03 10:59:37,010 - INFO - Checking Database Connection...
2019-02-03 10:59:37,015 - INFO - Connected to Database.
2019-02-03 10:59:37,015 - INFO - Running JSON Script...
2019-02-03 10:59:38,017 - INFO - Sending Objects to Database... 1/1
2019-02-03 10:59:39,018 - INFO - 140248700925696: Run Complete.
2019-02-03 11:00:54,209 - INFO - Program Started.
2019-02-03 11:00:55,424 - INFO - Successfully Logged In.
2019-02-03 11:01:12,047 - INFO - No File To Run!
2019-02-03 11:01:16,326 - INFO - Checking Database Connection...
2019-02-03 11:01:16,331 - INFO - Connected to Database.
2019-02-03 11:01:16,331 - INFO - Running JSON Script...
2019-02-03 11:01:17,334 - INFO - Sending Objects to Database... 1/1
2019-02-03 11:01:18,335 - INFO - 139710426998528: Run Complete.
2019-02-03 11:05:36,934 - INFO - Program Started.
2019-02-03 11:05:38,182 - INFO - Successfully Logged In.
2019-02-03 11:05:41,061 - INFO - Checking Database Connection...
2019-02-03 11:05:41,067 - INFO - Connected to Database.
2019-02-03 11:05:41,068 - INFO - Running JSON Script...
2019-02-03 11:05:50,975 - INFO - Program Ended
2019-02-03 11:06:33,351 - INFO - Program Started.
2019-02-03 11:06:34,639 - INFO - Successfully Logged In.
2019-02-03 11:06:38,693 - INFO - Checking Database Connection...
2019-02-03 11:06:38,698 - INFO - Connected to Database.
2019-02-03 11:06:38,698 - INFO - Running JSON Script...
2019-02-03 11:06:39,868 - INFO - 139929976559360: Run Terminated Before Completion
2019-02-03 11:06:39,868 - INFO - 139929976559360: Run Terminated Before Completion
2019-02-03 11:06:42,072 - INFO - Program Ended
2019-02-03 11:07:55,789 - INFO - Program Started.
2019-02-03 11:07:57,253 - INFO - Successfully Logged In.
2019-02-03 11:07:59,247 - INFO - Checking Database Connection...
2019-02-03 11:07:59,251 - INFO - Connected to Database.
2019-02-03 11:07:59,251 - INFO - Running JSON Script...
2019-02-03 11:08:01,092 - INFO - 140457233344256: Run Terminated Before Completion
2019-02-03 11:08:01,092 - INFO - 140457233344256: Run Terminated Before Completion
2019-02-03 11:08:03,192 - INFO - Program Ended
2019-02-03 11:10:31,017 - INFO - Program Started.
2019-02-03 11:10:34,466 - INFO - Successfully Logged In.
2019-02-03 11:10:35,686 - INFO - No File To Run!
2019-02-03 11:10:42,822 - INFO - No File To Run!
2019-02-03 11:11:03,449 - INFO - Program Ended
2019-02-03 11:12:23,866 - INFO - Program Started.
2019-02-03 11:12:25,040 - INFO - Successfully Logged In.
2019-02-03 11:12:37,682 - INFO - Checking Database Connection...
2019-02-03 11:12:37,687 - INFO - Connected to Database.
2019-02-03 11:12:37,687 - INFO - Running JSON Script...
2019-02-03 11:12:38,690 - INFO - Sending Objects to Database... 1/1
2019-02-03 11:12:39,691 - INFO - 139817255905024: Run Complete.
2019-02-03 11:13:45,652 - INFO - Checking Database Connection...
2019-02-03 11:13:45,656 - INFO - Connected to Database.
2019-02-03 11:13:45,657 - INFO - Running JSON Script...
2019-02-03 11:13:46,659 - INFO - Sending Objects to Database... 1/1
2019-02-03 11:13:47,660 - INFO - 139816737953536: Run Complete.
2019-02-03 11:19:48,738 - INFO - Program Started.
2019-02-03 11:22:10,359 - INFO - Program Started.
2019-02-03 11:22:45,741 - INFO - Program Started.
2019-02-03 11:26:11,928 - INFO - Program Started.
2019-02-03 11:27:38,289 - INFO - Program Started.
2019-02-03 11:27:53,805 - INFO - Program Started.
2019-02-03 11:28:33,226 - INFO - Program Started.
2019-02-03 11:28:59,571 - INFO - Program Started.
2019-02-03 11:30:10,288 - INFO - Program Started.
2019-02-03 11:30:38,226 - INFO - Program Started.
2019-02-03 11:31:00,082 - INFO - Program Started.
2019-02-03 11:31:21,850 - INFO - Program Started.
2019-02-03 11:31:50,807 - INFO - Program Started.
2019-02-03 11:32:07,757 - INFO - Program Started.
2019-02-03 11:32:16,746 - INFO - Program Started.
2019-02-03 11:36:11,760 - INFO - Program Started.
2019-02-03 11:36:40,924 - INFO - Program Started.
2019-02-03 11:37:10,090 - INFO - Program Started.
2019-02-03 11:37:29,245 - INFO - Program Started.
2019-02-03 11:37:57,284 - INFO - Program Started.
2019-02-03 11:38:40,171 - INFO - Program Started.
2019-02-03 11:39:22,884 - INFO - Program Started.
2019-02-03 11:43:50,151 - INFO - Program Started.
2019-02-03 11:44:14,086 - INFO - Program Started.
2019-02-03 11:44:38,095 - INFO - Program Started.
2019-02-03 11:44:54,527 - INFO - Program Started.
2019-02-03 11:45:29,565 - INFO - Program Started.
2019-02-03 11:46:02,951 - INFO - Program Started.
2019-02-03 11:47:03,300 - INFO - Program Started.
2019-02-03 11:47:43,496 - INFO - Program Started.
2019-02-03 11:48:29,545 - INFO - Program Started.
2019-02-03 11:48:38,743 - INFO - Program Started.
2019-02-03 11:49:03,096 - INFO - Program Started.
2019-02-03 12:00:06,926 - INFO - Program Started.
2019-02-03 12:05:03,013 - INFO - Program Started.
2019-02-03 12:06:01,967 - INFO - Program Started.
2019-02-03 12:06:14,327 - INFO - Program Started.
2019-02-03 12:13:24,203 - INFO - Program Started.
2019-02-03 12:13:40,753 - INFO - Program Started.
2019-02-03 12:14:18,409 - INFO - Program Started.
2019-02-03 12:16:17,310 - INFO - Program Started.
2019-02-03 12:16:22,756 - INFO - Successfully Logged In.
2019-02-03 12:16:30,324 - INFO - Checking Database Connection...
2019-02-03 12:16:30,329 - INFO - Connected to Database.
2019-02-03 12:16:30,331 - INFO - Running JSON Script...
2019-02-03 12:16:31,335 - INFO - Sending Objects to Database... 1/1
2019-02-03 12:16:32,336 - INFO - 140018584631040: Run Complete.
2019-02-03 12:16:34,396 - INFO - Checking Database Connection...
2019-02-03 12:16:34,401 - INFO - Connected to Database.
2019-02-03 12:16:34,403 - INFO - Running JSON Script...
2019-02-03 12:16:35,406 - INFO - Sending Objects to Database... 1/1
2019-02-03 12:16:36,407 - INFO - 140018064545536: Run Complete.
2019-02-03 12:16:44,482 - INFO - Program Started.
2019-02-03 12:22:00,714 - INFO - Program Started.
2019-02-03 12:25:20,349 - INFO - Program Started.
2019-02-03 12:26:16,783 - INFO - Program Started.
2019-02-03 12:26:43,302 - INFO - Program Started.
2019-02-03 12:31:49,684 - INFO - Program Started.
2019-02-03 12:34:45,323 - INFO - Program Started.
2019-02-03 12:35:09,081 - INFO - Program Started.
2019-02-03 12:37:29,260 - INFO - Program Started.
2019-02-03 12:38:06,361 - INFO - Program Started.
2019-02-03 12:38:51,375 - INFO - Program Started.
2019-02-03 12:39:06,780 - INFO - Program Started.
2019-02-03 12:39:59,158 - INFO - Program Started.
2019-02-03 12:43:35,167 - INFO - Program Started.
2019-02-03 12:43:56,730 - INFO - Program Started.
2019-02-03 12:44:20,650 - INFO - Program Started.
2019-02-03 12:49:38,879 - INFO - Program Started.
2019-02-03 12:49:38,891 - INFO - 140562718046016: Cleaning temporary scripts...
2019-02-03 12:50:04,917 - INFO - Program Started.
2019-02-03 12:50:04,929 - INFO - 140311903283008: Cleaning temporary scripts...
2019-02-03 12:50:04,929 - INFO - 140311903283008: 0 files deleted
2019-02-03 12:52:23,023 - INFO - Program Started.
2019-02-03 12:52:23,034 - INFO - 139789672011584: Cleaning temporary scripts...
2019-02-03 12:52:23,037 - INFO - 139789672011584: 0 files deleted
2019-02-03 12:52:25,070 - INFO - No login program exited.
2019-02-03 12:52:28,050 - INFO - Program Started.
2019-02-03 12:52:28,063 - INFO - 139646455793472: Cleaning temporary scripts...
2019-02-03 12:52:28,065 - INFO - 139646455793472: 0 files deleted
2019-02-03 12:52:29,802 - INFO - No login program exited.
2019-02-03 13:02:14,240 - INFO - Program Started.
2019-02-03 13:02:14,243 - INFO - 139707737098048: Cleaning temporary scripts...
2019-02-03 13:02:14,243 - INFO - 139707737098048: 0 files deleted
2019-02-03 13:02:17,294 - INFO - Successfully Logged In.
2019-02-03 13:02:50,179 - INFO - Nothing To Run.
 Please make changes to the default script or load your own script to run. 
2019-02-03 13:02:57,491 - INFO - Nothing To Run.
 Please make changes to the default script or load your own script to run. 
2019-02-03 13:03:13,959 - INFO - Checking Database Connection...
2019-02-03 13:03:13,968 - INFO - Connected to Database.
2019-02-03 13:03:13,968 - INFO - 139706666768128Running JSON Script...
2019-02-03 13:03:14,970 - INFO - 139706666768128Sending Objects to Database... 1/2
2019-02-03 13:03:15,972 - INFO - 139706666768128Sending Objects to Database... 2/2
2019-02-03 13:03:16,973 - INFO - 139706666768128: Run Complete.
2019-02-03 13:04:41,637 - INFO - Program Started.
2019-02-03 13:04:41,640 - INFO - 140216540325696: Cleaning temporary scripts...
2019-02-03 13:04:41,643 - INFO - 140216540325696: script_0030219_190313.json has been deleted
2019-02-03 13:04:41,643 - INFO - 140216540325696: 1 files deleted
2019-02-03 13:04:54,523 - INFO - Successfully Logged In.
2019-02-03 13:04:59,026 - INFO - Nothing To Run.
 Please make changes to the default script or load your own script to run. 
2019-02-03 13:05:05,251 - INFO - Checking Database Connection...
2019-02-03 13:05:05,257 - INFO - Connected to Database.
2019-02-03 13:05:05,258 - INFO - 140215463966464: Running JSON Script...
2019-02-03 13:05:06,260 - INFO - 140215463966464: Sending Objects to Database... 1/2
2019-02-03 13:05:07,262 - INFO - 140215463966464: Sending Objects to Database... 2/2
2019-02-03 13:05:08,263 - INFO - 140215463966464: Run Complete.
2019-02-03 13:05:43,213 - INFO - Program Ended
2019-02-03 13:06:32,608 - INFO - Program Started.
2019-02-03 13:06:32,611 - INFO - 140710896781120: Cleaning temporary scripts...
2019-02-03 13:06:32,611 - INFO - 140710896781120: 0 files deleted
2019-02-03 13:06:34,018 - INFO - Successfully Logged In.
2019-02-03 13:06:43,985 - INFO - Checking Database Connection...
2019-02-03 13:06:43,990 - INFO - Connected to Database.
2019-02-03 13:06:43,990 - INFO - 140709889824512: Running JSON Script...
2019-02-03 13:06:44,992 - INFO - 140709889824512: Sending Objects to Database... 1/1
2019-02-03 13:06:45,993 - INFO - 140709889824512: Run Complete.
2019-02-03 13:07:03,985 - INFO - Checking Database Connection...
2019-02-03 13:07:03,989 - INFO - Connected to Database.
2019-02-03 13:07:03,990 - INFO - 140709302630144: Running JSON Script...
2019-02-03 13:07:04,992 - INFO - 140709302630144: Sending Objects to Database... 1/1
2019-02-03 13:07:05,993 - INFO - 140709302630144: Run Complete.
2019-02-03 13:07:34,106 - INFO - Program Started.
2019-02-03 13:07:34,109 - INFO - 140204429371200: Cleaning temporary scripts...
2019-02-03 13:07:34,111 - INFO - 140204429371200: script_0030219_190703.json has been deleted
2019-02-03 13:07:34,111 - INFO - 140204429371200: script_0030219_190643.json has been deleted
2019-02-03 13:07:34,111 - INFO - 140204429371200: 2 files deleted
2019-02-03 13:07:37,673 - INFO - No login program exited.
2019-02-03 13:08:08,801 - INFO - Program Started.
2019-02-03 13:08:08,804 - INFO - 139983592486720: Cleaning temporary scripts...
2019-02-03 13:08:08,804 - INFO - 139983592486720: 0 files deleted
2019-02-03 13:08:12,761 - INFO - Successfully Logged In.
2019-02-03 13:08:54,879 - INFO - Program Ended
2019-02-03 13:09:57,186 - INFO - Program Started.
2019-02-03 13:09:57,198 - INFO - 140303078287168: Cleaning temporary scripts...
2019-02-03 13:09:57,201 - INFO - 140303078287168: 0 files deleted
2019-02-03 13:10:01,146 - INFO - Successfully Logged In.
2019-02-03 13:10:39,743 - INFO - Program Ended
2019-02-03 13:10:42,688 - INFO - Program Started.
2019-02-03 13:10:42,700 - INFO - 139624677287744: Cleaning temporary scripts...
2019-02-03 13:10:42,702 - INFO - 139624677287744: 0 files deleted
2019-02-03 13:10:45,039 - INFO - No login program exited.
2019-02-03 13:25:02,753 - INFO - Program Started.
2019-02-03 13:25:02,763 - INFO - 140215749592896: Cleaning temporary scripts...
2019-02-03 13:25:02,766 - INFO - 140215749592896: 0 files deleted
2019-02-03 13:25:04,325 - INFO - Successfully Logged In.
2019-02-03 13:25:12,448 - INFO - Program Started.
2019-02-03 13:25:12,459 - INFO - 140023174805312: Cleaning temporary scripts...
2019-02-03 13:25:12,462 - INFO - 140023174805312: 0 files deleted
2019-02-03 13:25:13,500 - INFO - Successfully Logged In.
2019-02-03 13:25:41,518 - INFO - Program Ended
2019-02-03 13:25:42,145 - INFO - Program Started.
2019-02-03 13:25:42,157 - INFO - 140503973676864: Cleaning temporary scripts...
2019-02-03 13:25:42,159 - INFO - 140503973676864: 0 files deleted
2019-02-03 13:25:43,140 - INFO - Successfully Logged In.
2019-02-03 13:29:00,520 - INFO - Program Started.
2019-02-03 13:29:00,531 - INFO - 140390014576448: Cleaning temporary scripts...
2019-02-03 13:29:00,534 - INFO - 140390014576448: 0 files deleted
2019-02-03 13:29:01,817 - INFO - Successfully Logged In.
2019-02-03 13:29:04,669 - INFO - Program Ended
2019-02-03 13:29:15,574 - INFO - Program Started.
2019-02-03 13:29:15,586 - INFO - 140312778725184: Cleaning temporary scripts...
2019-02-03 13:29:15,588 - INFO - 140312778725184: 0 files deleted
2019-02-03 13:29:17,028 - INFO - Successfully Logged In.
2019-02-03 13:29:19,449 - INFO - Program Ended
2019-02-03 13:29:44,663 - INFO - Program Started.
2019-02-03 13:29:44,676 - INFO - 140008928638784: Cleaning temporary scripts...
2019-02-03 13:29:44,676 - INFO - 140008928638784: 0 files deleted
2019-02-03 13:29:45,340 - INFO - Successfully Logged In.
2019-02-03 13:29:56,251 - INFO - Program Ended
2019-02-03 13:30:33,910 - INFO - Program Started.
2019-02-03 13:30:33,921 - INFO - 140173165373248: Cleaning temporary scripts...
2019-02-03 13:30:33,924 - INFO - 140173165373248: 0 files deleted
2019-02-03 13:30:34,562 - INFO - Successfully Logged In.
2019-02-03 13:30:38,049 - INFO - Program Ended
2019-02-03 13:30:42,529 - INFO - Program Started.
2019-02-03 13:30:42,541 - INFO - 139942848968512: Cleaning temporary scripts...
2019-02-03 13:30:42,543 - INFO - 139942848968512: 0 files deleted
2019-02-03 13:30:42,972 - INFO - Successfully Logged In.
2019-02-03 13:30:56,634 - INFO - Program Ended
2019-02-09 15:17:12,192 - INFO - Program Started.
2019-02-09 15:17:12,265 - INFO - 139830516393792: Cleaning temporary scripts...
2019-02-09 15:17:12,310 - INFO - 139830516393792: 0 files deleted
2019-02-09 15:17:14,546 - INFO - Successfully Logged In.
2019-02-09 15:35:44,355 - INFO - Program Ended
2019-02-09 15:35:46,587 - INFO - Program Started.
2019-02-09 15:35:46,598 - INFO - 139796399281984: Cleaning temporary scripts...
2019-02-09 15:35:46,601 - INFO - 139796399281984: 0 files deleted
2019-02-09 15:35:47,757 - INFO - Successfully Logged In.
2019-02-09 15:37:25,376 - INFO - Program Started.
2019-02-09 15:37:25,387 - INFO - 139785030293312: Cleaning temporary scripts...
2019-02-09 15:37:25,390 - INFO - 139785030293312: 0 files deleted
2019-02-09 15:37:26,305 - INFO - Successfully Logged In.
2019-02-09 15:38:25,173 - INFO - Program Started.
2019-02-09 15:38:25,184 - INFO - 140216887830336: Cleaning temporary scripts...
2019-02-09 15:38:25,186 - INFO - 140216887830336: 0 files deleted
2019-02-09 15:38:26,528 - INFO - Successfully Logged In.
2019-02-09 15:38:30,954 - INFO - Program Ended
2019-02-09 15:54:27,588 - INFO - Program Started.
2019-02-09 15:54:27,599 - INFO - 139863290926912: Cleaning temporary scripts...
2019-02-09 15:54:27,603 - INFO - 139863290926912: 0 files deleted
2019-02-09 15:54:28,315 - INFO - Successfully Logged In.
2019-02-09 15:54:34,724 - INFO - Program Ended
2019-02-09 15:55:50,377 - INFO - Program Started.
2019-02-09 15:55:50,389 - INFO - 140570983122752: Cleaning temporary scripts...
2019-02-09 15:55:50,393 - INFO - 140570983122752: 0 files deleted
2019-02-09 15:55:50,869 - INFO - Successfully Logged In.
2019-02-09 15:56:00,940 - INFO - Program Ended
2019-02-09 16:07:17,330 - INFO - Program Started.
2019-02-09 16:07:17,354 - INFO - 139695833163584: Cleaning temporary scripts...
2019-02-09 16:07:17,355 - INFO - 139695833163584: 0 files deleted
2019-02-09 16:07:19,234 - INFO - Successfully Logged In.
2019-02-09 16:07:26,881 - INFO - Program Ended
2019-02-09 16:25:41,145 - INFO - Program Started.
2019-02-09 16:25:41,157 - INFO - 139713296095040: Cleaning temporary scripts...
2019-02-09 16:25:41,159 - INFO - 139713296095040: 0 files deleted
2019-02-09 16:25:42,773 - INFO - Successfully Logged In.
2019-02-09 16:26:05,817 - INFO - Program Started.
2019-02-09 16:26:05,829 - INFO - 139787919566656: Cleaning temporary scripts...
2019-02-09 16:26:05,831 - INFO - 139787919566656: 0 files deleted
2019-02-09 16:26:06,854 - INFO - Successfully Logged In.
2019-02-09 16:34:41,445 - INFO - Program Ended
2019-02-09 16:34:41,834 - INFO - Program Started.
2019-02-09 16:34:41,845 - INFO - 140628005930816: Cleaning temporary scripts...
2019-02-09 16:34:41,848 - INFO - 140628005930816: 0 files deleted
2019-02-09 16:34:42,670 - INFO - Successfully Logged In.
2019-02-09 16:36:19,811 - INFO - Program Started.
2019-02-09 16:36:19,821 - INFO - 140114477168448: Cleaning temporary scripts...
2019-02-09 16:36:19,824 - INFO - 140114477168448: 0 files deleted
2019-02-09 16:36:21,168 - INFO - Successfully Logged In.
2019-02-09 16:39:56,254 - INFO - Program Started.
2019-02-09 16:39:56,266 - INFO - 139989101680448: Cleaning temporary scripts...
2019-02-09 16:39:56,268 - INFO - 139989101680448: 0 files deleted
2019-02-09 16:39:57,450 - INFO - Successfully Logged In.
2019-02-09 16:40:17,166 - INFO - Program Started.
2019-02-09 16:40:17,179 - INFO - 140365665826624: Cleaning temporary scripts...
2019-02-09 16:40:17,182 - INFO - 140365665826624: 0 files deleted
2019-02-09 16:40:19,009 - INFO - Successfully Logged In.
2019-02-09 16:41:14,244 - INFO - Program Started.
2019-02-09 16:41:14,255 - INFO - 140604645533504: Cleaning temporary scripts...
2019-02-09 16:41:14,258 - INFO - 140604645533504: 0 files deleted
2019-02-09 16:41:16,067 - INFO - Successfully Logged In.
2019-02-09 16:58:09,434 - INFO - Program Started.
2019-02-09 16:58:09,446 - INFO - 139802462611264: Cleaning temporary scripts...
2019-02-09 16:58:09,453 - INFO - 139802462611264: 0 files deleted
2019-02-09 16:58:11,260 - INFO - Successfully Logged In.
2019-02-09 16:58:48,163 - INFO - Program Ended
2019-02-09 17:01:38,468 - INFO - Program Started.
2019-02-09 17:01:38,481 - INFO - 139754334283584: Cleaning temporary scripts...
2019-02-09 17:01:38,484 - INFO - 139754334283584: 0 files deleted
2019-02-09 17:01:41,130 - INFO - Successfully Logged In.
2019-02-09 17:11:37,240 - INFO - Program Ended
2019-02-09 17:11:37,614 - INFO - Program Started.
2019-02-09 17:11:37,625 - INFO - 139787830040384: Cleaning temporary scripts...
2019-02-09 17:11:37,627 - INFO - 139787830040384: 0 files deleted
2019-02-09 17:11:38,788 - INFO - Successfully Logged In.
2019-02-09 17:11:56,085 - INFO - Program Started.
2019-02-09 17:11:56,097 - INFO - 139779063195456: Cleaning temporary scripts...
2019-02-09 17:11:56,099 - INFO - 139779063195456: 0 files deleted
2019-02-09 17:11:58,243 - INFO - Successfully Logged In.
2019-02-09 17:12:23,103 - INFO - Program Started.
2019-02-09 17:12:23,116 - INFO - 140660606596928: Cleaning temporary scripts...
2019-02-09 17:12:23,118 - INFO - 140660606596928: 0 files deleted
2019-02-09 17:12:24,096 - INFO - Successfully Logged In.
2019-02-09 17:12:28,298 - INFO - Program Ended
2019-02-09 17:13:43,830 - INFO - Program Started.
2019-02-09 17:13:43,843 - INFO - 139680532981568: Cleaning temporary scripts...
2019-02-09 17:13:43,845 - INFO - 139680532981568: 0 files deleted
2019-02-09 17:13:45,527 - INFO - Successfully Logged In.
2019-02-09 17:13:50,198 - INFO - Program Ended
2019-02-09 17:14:30,138 - INFO - Program Started.
2019-02-09 17:14:30,151 - INFO - 139978326177600: Cleaning temporary scripts...
2019-02-09 17:14:30,153 - INFO - 139978326177600: 0 files deleted
2019-02-09 17:14:30,635 - INFO - Successfully Logged In.
2019-02-09 17:14:35,632 - INFO - Program Ended
2019-02-09 17:17:59,110 - INFO - Program Started.
2019-02-09 17:17:59,122 - INFO - 140347791890240: Cleaning temporary scripts...
2019-02-09 17:17:59,125 - INFO - 140347791890240: 0 files deleted
2019-02-09 17:18:00,320 - INFO - Successfully Logged In.
2019-02-09 17:26:33,854 - INFO - Program Ended
2019-02-09 17:27:08,082 - INFO - Program Started.
2019-02-09 17:27:08,099 - INFO - 140537207080768: Cleaning temporary scripts...
2019-02-09 17:27:08,102 - INFO - 140537207080768: 0 files deleted
2019-02-09 17:27:11,878 - INFO - Successfully Logged In.
2019-02-09 17:27:18,071 - INFO - Program Ended
2019-02-09 17:27:35,630 - INFO - Program Started.
2019-02-09 17:27:35,643 - INFO - 139881151108928: Cleaning temporary scripts...
2019-02-09 17:27:35,646 - INFO - 139881151108928: 0 files deleted
2019-02-09 17:27:39,046 - INFO - No login program exited.
2019-02-09 17:29:55,091 - INFO - Program Started.
2019-02-09 17:29:55,103 - INFO - 140101321275200: Cleaning temporary scripts...
2019-02-09 17:29:55,107 - INFO - 140101321275200: 0 files deleted
2019-02-09 17:29:58,660 - INFO - Successfully Logged In.
2019-02-09 17:30:13,235 - INFO - Program Ended
2019-02-09 17:31:07,775 - INFO - Program Started.
2019-02-09 17:31:07,788 - INFO - 140073290901312: Cleaning temporary scripts...
2019-02-09 17:31:07,791 - INFO - 140073290901312: 0 files deleted
2019-02-09 17:31:09,955 - INFO - Successfully Logged In.
2019-02-09 17:36:36,182 - INFO - Program Ended
2019-02-09 17:36:39,501 - INFO - Program Started.
2019-02-09 17:36:39,514 - INFO - 139672791770944: Cleaning temporary scripts...
2019-02-09 17:36:39,517 - INFO - 139672791770944: 0 files deleted
2019-02-09 17:36:40,943 - INFO - Successfully Logged In.
2019-02-09 17:37:42,105 - INFO - Program Started.
2019-02-09 17:37:42,118 - INFO - 140508905871168: Cleaning temporary scripts...
2019-02-09 17:37:42,120 - INFO - 140508905871168: 0 files deleted
2019-02-09 17:37:43,430 - INFO - Successfully Logged In.
2019-02-09 17:51:58,403 - INFO - Program Ended
2019-02-09 17:52:00,771 - INFO - Program Started.
2019-02-09 17:52:00,782 - INFO - 139928364865344: Cleaning temporary scripts...
2019-02-09 17:52:00,789 - INFO - 139928364865344: 0 files deleted
2019-02-09 17:52:02,139 - INFO - Successfully Logged In.
2019-02-09 17:52:08,805 - INFO - Program Ended
2019-02-09 17:52:57,083 - INFO - Program Started.
2019-02-09 17:52:57,095 - INFO - 140427547686720: Cleaning temporary scripts...
2019-02-09 17:52:57,098 - INFO - 140427547686720: 0 files deleted
2019-02-09 17:52:58,539 - INFO - Successfully Logged In.
2019-02-09 17:54:40,050 - INFO - Program Ended
2019-02-09 17:54:42,203 - INFO - Program Started.
2019-02-09 17:54:42,214 - INFO - 140613808645952: Cleaning temporary scripts...
2019-02-09 17:54:42,217 - INFO - 140613808645952: 0 files deleted
2019-02-09 17:54:43,913 - INFO - Successfully Logged In.
2019-02-09 17:54:54,068 - INFO - Program Ended
2019-02-09 18:11:09,724 - INFO - Program Started.
2019-02-09 18:11:09,737 - INFO - 140004023301952: Cleaning temporary scripts...
2019-02-09 18:11:09,740 - INFO - 140004023301952: 0 files deleted
2019-02-09 18:11:11,588 - INFO - Successfully Logged In.
2019-02-09 18:19:01,830 - INFO - Program Ended
2019-02-09 18:19:03,891 - INFO - Program Started.
2019-02-09 18:19:03,903 - INFO - 139910127499072: Cleaning temporary scripts...
2019-02-09 18:19:03,905 - INFO - 139910127499072: 0 files deleted
2019-02-09 18:19:04,951 - INFO - Successfully Logged In.
2019-02-09 18:19:16,881 - INFO - Program Ended
2019-02-09 18:19:22,169 - INFO - Program Started.
2019-02-09 18:19:22,180 - INFO - 140518075250496: Cleaning temporary scripts...
2019-02-09 18:19:22,183 - INFO - 140518075250496: 0 files deleted
2019-02-09 18:19:23,288 - INFO - Successfully Logged In.
2019-02-09 18:19:31,982 - INFO - Program Ended
2019-02-09 18:19:34,144 - INFO - Program Started.
2019-02-09 18:19:34,156 - INFO - 139819626436416: Cleaning temporary scripts...
2019-02-09 18:19:34,158 - INFO - 139819626436416: 0 files deleted
2019-02-09 18:19:35,649 - INFO - Successfully Logged In.
2019-02-09 18:21:17,661 - INFO - Program Ended
2019-02-09 18:21:19,580 - INFO - Program Started.
2019-02-09 18:21:19,591 - INFO - 139671951677248: Cleaning temporary scripts...
2019-02-09 18:21:19,594 - INFO - 139671951677248: 0 files deleted
2019-02-09 18:21:20,891 - INFO - Successfully Logged In.
2019-02-09 18:21:32,834 - INFO - Program Started.
2019-02-09 18:21:32,846 - INFO - 140644863878976: Cleaning temporary scripts...
2019-02-09 18:21:32,849 - INFO - 140644863878976: 0 files deleted
2019-02-09 18:21:35,373 - INFO - Successfully Logged In.
2019-02-09 18:21:40,895 - INFO - Program Ended
2019-02-09 18:21:50,854 - INFO - Program Started.
2019-02-09 18:21:50,866 - INFO - 140210690639680: Cleaning temporary scripts...
2019-02-09 18:21:50,868 - INFO - 140210690639680: 0 files deleted
2019-02-09 18:21:52,283 - INFO - Successfully Logged In.
2019-02-09 18:21:58,446 - INFO - Program Ended
2019-02-09 18:22:11,845 - INFO - Program Started.
2019-02-09 18:22:11,857 - INFO - 139880731379520: Cleaning temporary scripts...
2019-02-09 18:22:11,860 - INFO - 139880731379520: 0 files deleted
2019-02-09 18:22:13,772 - INFO - Successfully Logged In.
2019-02-09 18:22:23,997 - INFO - Program Ended
2019-02-09 18:26:36,474 - INFO - Program Started.
2019-02-09 18:26:36,485 - INFO - 139999993415488: Cleaning temporary scripts...
2019-02-09 18:26:36,488 - INFO - 139999993415488: 0 files deleted
2019-02-09 18:26:37,435 - INFO - Successfully Logged In.
2019-02-09 18:27:06,657 - INFO - Program Ended
2019-02-09 18:27:08,565 - INFO - Program Started.
2019-02-09 18:27:08,577 - INFO - 139721499944768: Cleaning temporary scripts...
2019-02-09 18:27:08,590 - INFO - 139721499944768: 0 files deleted
2019-02-09 18:27:10,167 - INFO - Successfully Logged In.
2019-02-09 18:31:54,203 - INFO - Program Ended
2019-02-09 18:31:56,179 - INFO - Program Started.
2019-02-09 18:31:56,190 - INFO - 139681627707200: Cleaning temporary scripts...
2019-02-09 18:31:56,192 - INFO - 139681627707200: 0 files deleted
2019-02-09 18:31:58,117 - INFO - Successfully Logged In.
2019-02-09 18:32:04,123 - INFO - Program Ended
2019-02-09 18:32:51,247 - INFO - Program Started.
2019-02-09 18:32:51,258 - INFO - 140418617423680: Cleaning temporary scripts...
2019-02-09 18:32:51,260 - INFO - 140418617423680: 0 files deleted
2019-02-09 18:32:52,101 - INFO - Successfully Logged In.
2019-02-09 18:33:38,461 - INFO - Program Started.
2019-02-09 18:33:38,473 - INFO - 140012423997248: Cleaning temporary scripts...
2019-02-09 18:33:38,476 - INFO - 140012423997248: 0 files deleted
2019-02-09 18:33:39,937 - INFO - Successfully Logged In.
2019-02-09 18:33:52,169 - INFO - Program Started.
2019-02-09 18:33:52,180 - INFO - 140375001835328: Cleaning temporary scripts...
2019-02-09 18:33:52,182 - INFO - 140375001835328: 0 files deleted
2019-02-09 18:33:52,772 - INFO - Successfully Logged In.
2019-02-09 18:33:58,836 - INFO - Program Ended
2019-02-09 18:34:06,087 - INFO - Program Started.
2019-02-09 18:34:06,099 - INFO - 140400083015488: Cleaning temporary scripts...
2019-02-09 18:34:06,101 - INFO - 140400083015488: 0 files deleted
2019-02-09 18:34:07,409 - INFO - Successfully Logged In.
2019-02-09 18:35:25,620 - INFO - Program Ended
2019-02-09 18:35:27,920 - INFO - Program Started.
2019-02-09 18:35:27,932 - INFO - 140223000123200: Cleaning temporary scripts...
2019-02-09 18:35:27,934 - INFO - 140223000123200: 0 files deleted
2019-02-09 18:35:28,707 - INFO - Successfully Logged In.
2019-02-09 18:35:59,645 - INFO - Program Started.
2019-02-09 18:35:59,656 - INFO - 139998740133696: Cleaning temporary scripts...
2019-02-09 18:35:59,659 - INFO - 139998740133696: 0 files deleted
2019-02-09 18:35:59,977 - INFO - Successfully Logged In.
2019-02-09 18:36:04,453 - INFO - Program Ended
2019-02-09 18:38:45,301 - INFO - Program Started.
2019-02-09 18:38:45,312 - INFO - 139708913420096: Cleaning temporary scripts...
2019-02-09 18:38:45,315 - INFO - 139708913420096: 0 files deleted
2019-02-09 18:38:47,023 - INFO - Successfully Logged In.
2019-02-09 18:38:49,883 - INFO - Program Ended
2019-02-09 18:40:06,141 - INFO - Program Started.
2019-02-09 18:40:06,152 - INFO - 139973685860160: Cleaning temporary scripts...
2019-02-09 18:40:06,155 - INFO - 139973685860160: 0 files deleted
2019-02-09 18:40:07,381 - INFO - Successfully Logged In.
2019-02-09 18:40:15,415 - INFO - Program Ended
2019-02-09 18:40:24,181 - INFO - Program Started.
2019-02-09 18:40:24,193 - INFO - 140191424788288: Cleaning temporary scripts...
2019-02-09 18:40:24,195 - INFO - 140191424788288: 0 files deleted
2019-02-09 18:40:26,236 - INFO - Successfully Logged In.
2019-02-09 18:40:29,098 - INFO - Program Ended
2019-02-09 18:40:38,337 - INFO - Program Started.
2019-02-09 18:40:38,349 - INFO - 140032408643392: Cleaning temporary scripts...
2019-02-09 18:40:38,352 - INFO - 140032408643392: 0 files deleted
2019-02-09 18:40:39,796 - INFO - Successfully Logged In.
2019-02-09 18:42:02,428 - INFO - Program Ended
2019-02-09 18:42:04,429 - INFO - Program Started.
2019-02-09 18:42:04,441 - INFO - 140035722413888: Cleaning temporary scripts...
2019-02-09 18:42:04,443 - INFO - 140035722413888: 0 files deleted
2019-02-09 18:42:05,773 - INFO - Successfully Logged In.
2019-02-09 18:42:22,046 - INFO - Program Ended
2019-02-09 18:42:35,043 - INFO - Program Started.
2019-02-09 18:42:35,055 - INFO - 139732020819776: Cleaning temporary scripts...
2019-02-09 18:42:35,058 - INFO - 139732020819776: 0 files deleted
2019-02-09 18:42:35,511 - INFO - Successfully Logged In.
2019-02-09 18:54:37,645 - INFO - Program Started.
2019-02-09 18:54:37,657 - INFO - 139760207746880: Cleaning temporary scripts...
2019-02-09 18:54:37,660 - INFO - 139760207746880: 0 files deleted
2019-02-09 18:54:38,603 - INFO - Successfully Logged In.
2019-02-09 18:57:02,900 - INFO - Program Ended
2019-02-09 18:57:33,120 - INFO - Program Started.
2019-02-09 18:57:33,132 - INFO - 140717286192960: Cleaning temporary scripts...
2019-02-09 18:57:33,134 - INFO - 140717286192960: 0 files deleted
2019-02-09 18:57:35,050 - INFO - Successfully Logged In.
